  Application.cpp
  Camera.cpp
  DrawableObject.cpp
  EnvironmentController.cpp
  Light.cpp
  LightingController.cpp
  main.cpp
  Material.cpp
  Model.cpp
  Rotation.cpp
  Scale.cpp
  Scene.cpp
  Shader.cpp
  ShaderProgram.cpp
  Skybox.cpp
  Texture.cpp
  tiny_obj_loader.cc
  TransformationComposite.cpp
  Translation.cpp
  Generování kódu...
LINK : warning LNK4098: Výchozí knihovna MSVCRT je v konfliktu s použitím jiných knihoven. Použijte /NODEFAULTLIB:library.
  DRE0065_ZPG.vcxproj -> C:\Users\Loren\OneDrive\Dokumenty\School\ZPG\2025\week11\DRE0065_ZPG\x64\Debug\DRE0065_ZPG.exe
