  Application.cpp
  Camera.cpp
  DrawableObject.cpp
  Light.cpp
  main.cpp
  Model.cpp
  Rotation.cpp
  Scale.cpp
  Scene.cpp
C:\Users\Loren\OneDrive\Dokumenty\School\ZPG\2025\week6 - ✔\DRE0065_ZPG\DRE0065_ZPG\Scene.cpp(307,15): warning C4244: argument: time_t se převádí na unsigned int; může dojít ke ztrátě dat.
C:\Users\Loren\OneDrive\Dokumenty\School\ZPG\2025\week6 - ✔\DRE0065_ZPG\DRE0065_ZPG\Scene.cpp(425,44): warning C4305: argument: zkrácení z: double na: T
C:\Users\Loren\OneDrive\Dokumenty\School\ZPG\2025\week6 - ✔\DRE0065_ZPG\DRE0065_ZPG\Scene.cpp(425,44): warning C4305:         with
C:\Users\Loren\OneDrive\Dokumenty\School\ZPG\2025\week6 - ✔\DRE0065_ZPG\DRE0065_ZPG\Scene.cpp(425,44): warning C4305:         [
C:\Users\Loren\OneDrive\Dokumenty\School\ZPG\2025\week6 - ✔\DRE0065_ZPG\DRE0065_ZPG\Scene.cpp(425,44): warning C4305:             T=float
C:\Users\Loren\OneDrive\Dokumenty\School\ZPG\2025\week6 - ✔\DRE0065_ZPG\DRE0065_ZPG\Scene.cpp(425,44): warning C4305:         ]
  Shader.cpp
  ShaderProgram.cpp
  TransformationComposite.cpp
  Translation.cpp
  Generování kódu...
LINK : warning LNK4098: Výchozí knihovna MSVCRT je v konfliktu s použitím jiných knihoven. Použijte /NODEFAULTLIB:library.
  DRE0065_ZPG.vcxproj -> C:\Users\Loren\OneDrive\Dokumenty\School\ZPG\2025\week6 - ✔\DRE0065_ZPG\x64\Debug\DRE0065_ZPG.exe
