c:\users\loren\onedrive\dokumenty\school\zpg\2025\week6\dre0065_zpg\dre0065_zpg\x64\debug\vc143.pdb
c:\users\loren\onedrive\dokumenty\school\zpg\2025\week6\dre0065_zpg\dre0065_zpg\x64\debug\vc143.idb
c:\users\loren\onedrive\dokumenty\school\zpg\2025\week6\dre0065_zpg\dre0065_zpg\x64\debug\translation.obj
c:\users\loren\onedrive\dokumenty\school\zpg\2025\week6\dre0065_zpg\dre0065_zpg\x64\debug\transformationcomposite.obj
c:\users\loren\onedrive\dokumenty\school\zpg\2025\week6\dre0065_zpg\dre0065_zpg\x64\debug\shaderprogram.obj
c:\users\loren\onedrive\dokumenty\school\zpg\2025\week6\dre0065_zpg\dre0065_zpg\x64\debug\shader.obj
c:\users\loren\onedrive\dokumenty\school\zpg\2025\week6\dre0065_zpg\dre0065_zpg\x64\debug\scene.obj
c:\users\loren\onedrive\dokumenty\school\zpg\2025\week6\dre0065_zpg\dre0065_zpg\x64\debug\scale.obj
c:\users\loren\onedrive\dokumenty\school\zpg\2025\week6\dre0065_zpg\dre0065_zpg\x64\debug\rotation.obj
c:\users\loren\onedrive\dokumenty\school\zpg\2025\week6\dre0065_zpg\dre0065_zpg\x64\debug\model.obj
c:\users\loren\onedrive\dokumenty\school\zpg\2025\week6\dre0065_zpg\dre0065_zpg\x64\debug\main.obj
c:\users\loren\onedrive\dokumenty\school\zpg\2025\week6\dre0065_zpg\dre0065_zpg\x64\debug\light.obj
c:\users\loren\onedrive\dokumenty\school\zpg\2025\week6\dre0065_zpg\dre0065_zpg\x64\debug\drawableobject.obj
c:\users\loren\onedrive\dokumenty\school\zpg\2025\week6\dre0065_zpg\dre0065_zpg\x64\debug\camera.obj
c:\users\loren\onedrive\dokumenty\school\zpg\2025\week6\dre0065_zpg\dre0065_zpg\x64\debug\application.obj
c:\users\loren\onedrive\dokumenty\school\zpg\2025\week6\dre0065_zpg\x64\debug\dre0065_zpg.exe
c:\users\loren\onedrive\dokumenty\school\zpg\2025\week6\dre0065_zpg\x64\debug\dre0065_zpg.pdb
c:\users\loren\onedrive\dokumenty\school\zpg\2025\week6\dre0065_zpg\dre0065_zpg\x64\debug\dre0065_zpg.ilk
c:\users\loren\onedrive\dokumenty\school\zpg\2025\week6\dre0065_zpg\dre0065_zpg\x64\debug\dre0065_zpg.tlog\cl.command.1.tlog
c:\users\loren\onedrive\dokumenty\school\zpg\2025\week6\dre0065_zpg\dre0065_zpg\x64\debug\dre0065_zpg.tlog\cl.items.tlog
c:\users\loren\onedrive\dokumenty\school\zpg\2025\week6\dre0065_zpg\dre0065_zpg\x64\debug\dre0065_zpg.tlog\cl.read.1.tlog
c:\users\loren\onedrive\dokumenty\school\zpg\2025\week6\dre0065_zpg\dre0065_zpg\x64\debug\dre0065_zpg.tlog\cl.write.1.tlog
c:\users\loren\onedrive\dokumenty\school\zpg\2025\week6\dre0065_zpg\dre0065_zpg\x64\debug\dre0065_zpg.tlog\link.command.1.tlog
c:\users\loren\onedrive\dokumenty\school\zpg\2025\week6\dre0065_zpg\dre0065_zpg\x64\debug\dre0065_zpg.tlog\link.read.1.tlog
c:\users\loren\onedrive\dokumenty\school\zpg\2025\week6\dre0065_zpg\dre0065_zpg\x64\debug\dre0065_zpg.tlog\link.secondary.1.tlog
c:\users\loren\onedrive\dokumenty\school\zpg\2025\week6\dre0065_zpg\dre0065_zpg\x64\debug\dre0065_zpg.tlog\link.write.1.tlog
